Arguments: 
  /Users/happyelements/.nvm/versions/node/v18.12.1/bin/node /opt/homebrew/Cellar/yarn/1.22.19/libexec/bin/yarn.js add @vitejs/plugin-vue

PATH: 
  /Users/happyelements/.nvm/versions/node/v18.12.1/bin:/opt/homebrew/bin:/opt/homebrew/sbin:/usr/local/bin:/System/Cryptexes/App/usr/bin:/usr/bin:/bin:/usr/sbin:/sbin:/Users/happyelements/.nvm/versions/node/v18.12.1/bin:/opt/homebrew/bin:/opt/homebrew/sbin

Yarn version: 
  1.22.19

Node version: 
  18.12.1

Platform: 
  darwin arm64

Trace: 
  Error: EEXIST: file already exists, mkdir '/Users/happyelements/study/forge-vue-app/vue3/node_modules/default-gateway/node_modules'

npm manifest: 
  {
    "name": "project",
    "version": "0.1.0",
    "private": true,
    "scripts": {
      "serve": "vue-cli-service serve",
      "build": "vue-cli-service build",
      "lint": "vue-cli-service lint"
    },
    "dependencies": {
      "core-js": "^3.8.3",
      "vite": "^3.2.3",
      "vue": "^3.2.13",
      "vue-class-component": "^8.0.0-0",
      "vuex": "^4.0.0"
    },
    "devDependencies": {
      "@typescript-eslint/eslint-plugin": "^5.4.0",
      "@typescript-eslint/parser": "^5.4.0",
      "@vue/cli-plugin-babel": "~5.0.0",
      "@vue/cli-plugin-eslint": "~5.0.0",
      "@vue/cli-plugin-typescript": "~5.0.0",
      "@vue/cli-plugin-vuex": "~5.0.0",
      "@vue/cli-service": "~5.0.0",
      "@vue/eslint-config-typescript": "^9.1.0",
      "eslint": "^7.32.0",
      "eslint-config-prettier": "^8.3.0",
      "eslint-plugin-prettier": "^4.0.0",
      "eslint-plugin-vue": "^8.0.3",
      "prettier": "^2.4.1",
      "typescript": "~4.5.5"
    }
  }

yarn manifest: 
  No manifest

Lockfile: 
  No lockfile
